Build started 20/09/2016 00:16:03.
     1>Project "C:\Researchwork\VCProj\HiddenImageData\HiddenImageData\HiddenImageData.vcxproj" on node 2 (build target(s)).
     1>PrepareForBuild:
         Creating directory "C:\Researchwork\VCProj\HiddenImageData\Debug\".
       InitializeBuildStatus:
         Creating "Debug\HiddenImageData.unsuccessfulbuild" because "AlwaysCreate" was specified.
       ClCompile:
         c:\Program Files (x86)\Microsoft Visual Studio 10.0\VC\bin\CL.exe /c /I./include /ZI /nologo /W3 /WX- /Od /Oy- /D WIN32 /D _DEBUG /D _CONSOLE /D _UNICODE /D UNICODE /Gm /EHsc /RTC1 /MDd /GS /fp:precise /Zc:wchar_t /Zc:forScope /Fo"Debug\\" /Fd"Debug\vc100.pdb" /Gd /TP /analyze- /errorReport:prompt main.cpp
         main.cpp
       ManifestResourceCompile:
         c:\Program Files (x86)\Microsoft SDKs\Windows\v7.0A\bin\rc.exe /nologo /fo"Debug\HiddenImageData.exe.embed.manifest.res" Debug\HiddenImageData_manifest.rc 
       Link:
         c:\Program Files (x86)\Microsoft Visual Studio 10.0\VC\bin\link.exe /ERRORREPORT:PROMPT /OUT:"C:\Researchwork\VCProj\HiddenImageData\Debug\HiddenImageData.exe" /INCREMENTAL /NOLOGO /LIBPATH:./lib opencv_imgproc247d.lib opencv_core247d.lib opencv_highgui247d.lib kernel32.lib user32.lib gdi32.lib winspool.lib comdlg32.lib advapi32.lib shell32.lib ole32.lib oleaut32.lib uuid.lib odbc32.lib odbccp32.lib /MANIFEST /ManifestFile:"Debug\HiddenImageData.exe.intermediate.manifest" /MANIFESTUAC:"level='asInvoker' uiAccess='false'" /DEBUG /PDB:"C:\Researchwork\VCProj\HiddenImageData\Debug\HiddenImageData.pdb" /SUBSYSTEM:CONSOLE /TLBID:1 /DYNAMICBASE /NXCOMPAT /IMPLIB:"C:\Researchwork\VCProj\HiddenImageData\Debug\HiddenImageData.lib" /MACHINE:X86 Debug\HiddenImageData.exe.embed.manifest.res
         Debug\main.obj
     1>MSVCRTD.lib(crtexe.obj) : error LNK2019: unresolved external symbol _main referenced in function ___tmainCRTStartup
     1>C:\Researchwork\VCProj\HiddenImageData\Debug\HiddenImageData.exe : fatal error LNK1120: 1 unresolved externals
     1>Done Building Project "C:\Researchwork\VCProj\HiddenImageData\HiddenImageData\HiddenImageData.vcxproj" (build target(s)) -- FAILED.

Build FAILED.

Time Elapsed 00:00:02.04
